

Iteration 1
	seed = 5 

Access Point 0 created at position (0;0)

Mobile Station 1 created at position (-22.463;-35.9713) with distance 42.409 m to Access Point 0
Mobile station AC: AC_BE. Access Point AC: AC_BE.
Mobile Station 2 created at position (-19.272;31.9681) with distance 37.3279 m to Access Point 0
Mobile station AC: AC_BE. Access Point AC: AC_BE.
Mobile Station 3 created at position (9.99726;41.8483) with distance 43.0259 m to Access Point 0
Mobile station AC: AC_BE. Access Point AC: AC_BE.
Mobile Station 4 created at position (30.9505;-36.3361) with distance 47.731 m to Access Point 0
Mobile station AC: AC_BE. Access Point AC: AC_BE.
Mobile Station 5 created at position (43.1848;13.0101) with distance 45.102 m to Access Point 0
Mobile station AC: AC_BE. Access Point AC: AC_BE.
Mobile Station 6 created at position (-26.6181;39.3896) with distance 47.5401 m to Access Point 0
Mobile station AC: AC_BE. Access Point AC: AC_BE.
Mobile Station 7 created at position (-3.91865;-5.66889) with distance 6.89146 m to Access Point 0
Mobile station AC: AC_BE. Access Point AC: AC_BE.
Mobile Station 8 created at position (-19.3956;36.3817) with distance 41.2288 m to Access Point 0
Mobile station AC: AC_BE. Access Point AC: AC_BE.
Mobile Station 9 created at position (-12.1277;-0.838639) with distance 12.1567 m to Access Point 0
Mobile station AC: AC_BE. Access Point AC: AC_BE.
Mobile Station 10 created at position (38.6704;23.744) with distance 45.3782 m to Access Point 0
Mobile station AC: AC_BE. Access Point AC: AC_BE.
Mobile Station 11 created at position (35.847;-27.2127) with distance 45.006 m to Access Point 0
Mobile station AC: AC_BE. Access Point AC: AC_BE.
Mobile Station 12 created at position (35.8536;15.3023) with distance 38.9826 m to Access Point 0
Mobile station AC: AC_BE. Access Point AC: AC_BE.
Mobile Station 13 created at position (13.1771;-0.634529) with distance 13.1923 m to Access Point 0
Mobile station AC: AC_BE. Access Point AC: AC_BE.
Mobile Station 14 created at position (7.66731;-41.4586) with distance 42.1616 m to Access Point 0
Mobile station AC: AC_BE. Access Point AC: AC_BE.
Mobile Station 15 created at position (31.2628;21.433) with distance 37.9043 m to Access Point 0
Mobile station AC: AC_BE. Access Point AC: AC_BE.

Access Point 0 is connected to Mobile Station 1, Mobile Station 2, Mobile Station 4, Mobile Station 3, Mobile Station 6, Mobile Station 5, Mobile Station 10, Mobile Station 7, Mobile Station 8, Mobile Station 9, Mobile Station 11, Mobile Station 12, Mobile Station 13, Mobile Station 14 and Mobile Station 15
Mobile Station 1 is connected to Access Point 0
Mobile Station 2 is connected to Access Point 0
Mobile Station 3 is connected to Access Point 0
Mobile Station 4 is connected to Access Point 0
Mobile Station 5 is connected to Access Point 0
Mobile Station 6 is connected to Access Point 0
Mobile Station 7 is connected to Access Point 0
Mobile Station 8 is connected to Access Point 0
Mobile Station 9 is connected to Access Point 0
Mobile Station 10 is connected to Access Point 0
Mobile Station 11 is connected to Access Point 0
Mobile Station 12 is connected to Access Point 0
Mobile Station 13 is connected to Access Point 0
Mobile Station 14 is connected to Access Point 0
Mobile Station 15 is connected to Access Point 0



Iteration 2
	seed = 6 

Access Point 16 created at position (0;0)

Mobile Station 17 created at position (-0.0559286;7.21083) with distance 7.21105 m to Access Point 16
Mobile station AC: AC_BE. Access Point AC: AC_BE.
Mobile Station 18 created at position (-43.4763;19.4701) with distance 47.6369 m to Access Point 16
Mobile station AC: AC_BE. Access Point AC: AC_BE.
Mobile Station 19 created at position (8.98816;30.8928) with distance 32.1738 m to Access Point 16
Mobile station AC: AC_BE. Access Point AC: AC_BE.
Mobile Station 20 created at position (10.6445;3.02868) with distance 11.067 m to Access Point 16
Mobile station AC: AC_BE. Access Point AC: AC_BE.
Mobile Station 21 created at position (5.02907;39.1271) with distance 39.4489 m to Access Point 16
Mobile station AC: AC_BE. Access Point AC: AC_BE.
Mobile Station 22 created at position (5.81082;-3.55049) with distance 6.80967 m to Access Point 16
Mobile station AC: AC_BE. Access Point AC: AC_BE.
Mobile Station 23 created at position (9.30606;-24.2772) with distance 25.9997 m to Access Point 16
Mobile station AC: AC_BE. Access Point AC: AC_BE.
Mobile Station 24 created at position (24.292;34.3888) with distance 42.1034 m to Access Point 16
Mobile station AC: AC_BE. Access Point AC: AC_BE.
Mobile Station 25 created at position (-15.3512;-17.7655) with distance 23.4791 m to Access Point 16
Mobile station AC: AC_BE. Access Point AC: AC_BE.
Mobile Station 26 created at position (-21.9594;9.58653) with distance 23.9608 m to Access Point 16
Mobile station AC: AC_BE. Access Point AC: AC_BE.
Mobile Station 27 created at position (38.7444;-30.4725) with distance 49.292 m to Access Point 16
Mobile station AC: AC_BE. Access Point AC: AC_BE.
Mobile Station 28 created at position (30.9501;-15.7572) with distance 34.7303 m to Access Point 16
Mobile station AC: AC_BE. Access Point AC: AC_BE.
Mobile Station 29 created at position (11.4615;-44.7148) with distance 46.1603 m to Access Point 16
Mobile station AC: AC_BE. Access Point AC: AC_BE.
Mobile Station 30 created at position (-39.8148;-22.1849) with distance 45.5783 m to Access Point 16
Mobile station AC: AC_BE. Access Point AC: AC_BE.
Mobile Station 31 created at position (18.5978;-39.8884) with distance 44.0109 m to Access Point 16
Mobile station AC: AC_BE. Access Point AC: AC_BE.

Access Point 16 is connected to Mobile Station 18, Mobile Station 28, Mobile Station 29, Mobile Station 30, Mobile Station 17, Mobile Station 31, Mobile Station 26, Mobile Station 22, Mobile Station 23, Mobile Station 24, Mobile Station 21, Mobile Station 25, Mobile Station 27, Mobile Station 19 and Mobile Station 20
Mobile Station 17 is connected to Access Point 16
Mobile Station 18 is connected to Access Point 16
Mobile Station 19 is connected to Access Point 16
Mobile Station 20 is connected to Access Point 16
Mobile Station 21 is connected to Access Point 16
Mobile Station 22 is connected to Access Point 16
Mobile Station 23 is connected to Access Point 16
Mobile Station 24 is connected to Access Point 16
Mobile Station 25 is connected to Access Point 16
Mobile Station 26 is connected to Access Point 16
Mobile Station 27 is connected to Access Point 16
Mobile Station 28 is connected to Access Point 16
Mobile Station 29 is connected to Access Point 16
Mobile Station 30 is connected to Access Point 16
Mobile Station 31 is connected to Access Point 16



Iteration 3
	seed = 7 

Access Point 32 created at position (0;0)

Mobile Station 33 created at position (-7.52072;-47.443) with distance 48.0354 m to Access Point 32
Mobile station AC: AC_BE. Access Point AC: AC_BE.
Mobile Station 34 created at position (14.7449;-38.3148) with distance 41.054 m to Access Point 32
Mobile station AC: AC_BE. Access Point AC: AC_BE.
Mobile Station 35 created at position (-43.0567;10.615) with distance 44.3459 m to Access Point 32
Mobile station AC: AC_BE. Access Point AC: AC_BE.
Mobile Station 36 created at position (27.02;-40.1444) with distance 48.3906 m to Access Point 32
Mobile station AC: AC_BE. Access Point AC: AC_BE.
Mobile Station 37 created at position (10.5289;-25.3103) with distance 27.413 m to Access Point 32
Mobile station AC: AC_BE. Access Point AC: AC_BE.
Mobile Station 38 created at position (-11.6814;-37.9889) with distance 39.7443 m to Access Point 32
Mobile station AC: AC_BE. Access Point AC: AC_BE.
Mobile Station 39 created at position (33.1419;3.33542) with distance 33.3093 m to Access Point 32
Mobile station AC: AC_BE. Access Point AC: AC_BE.
Mobile Station 40 created at position (-3.71016;-11.3966) with distance 11.9853 m to Access Point 32
Mobile station AC: AC_BE. Access Point AC: AC_BE.
Mobile Station 41 created at position (-49.5441;5.71287) with distance 49.8724 m to Access Point 32
Mobile station AC: AC_BE. Access Point AC: AC_BE.
Mobile Station 42 created at position (4.12826;-26.5519) with distance 26.8709 m to Access Point 32
Mobile station AC: AC_BE. Access Point AC: AC_BE.
Mobile Station 43 created at position (15.969;23.9598) with distance 28.7938 m to Access Point 32
Mobile station AC: AC_BE. Access Point AC: AC_BE.
Mobile Station 44 created at position (-25.04;-30.6955) with distance 39.6133 m to Access Point 32
Mobile station AC: AC_BE. Access Point AC: AC_BE.
Mobile Station 45 created at position (23.3399;5.80883) with distance 24.0519 m to Access Point 32
Mobile station AC: AC_BE. Access Point AC: AC_BE.
Mobile Station 46 created at position (-24.9458;36.8506) with distance 44.5001 m to Access Point 32
Mobile station AC: AC_BE. Access Point AC: AC_BE.
Mobile Station 47 created at position (-20.1365;-18.3422) with distance 27.2381 m to Access Point 32
Mobile station AC: AC_BE. Access Point AC: AC_BE.

Access Point 32 is connected to Mobile Station 34, Mobile Station 33, Mobile Station 43, Mobile Station 38, Mobile Station 45, Mobile Station 41, Mobile Station 37, Mobile Station 39, Mobile Station 36, Mobile Station 35, Mobile Station 44, Mobile Station 42, Mobile Station 46, Mobile Station 47 and Mobile Station 40
Mobile Station 33 is connected to Access Point 32
Mobile Station 34 is connected to Access Point 32
Mobile Station 35 is connected to Access Point 32
Mobile Station 36 is connected to Access Point 32
Mobile Station 37 is connected to Access Point 32
Mobile Station 38 is connected to Access Point 32
Mobile Station 39 is connected to Access Point 32
Mobile Station 40 is connected to Access Point 32
Mobile Station 41 is connected to Access Point 32
Mobile Station 42 is connected to Access Point 32
Mobile Station 43 is connected to Access Point 32
Mobile Station 44 is connected to Access Point 32
Mobile Station 45 is connected to Access Point 32
Mobile Station 46 is connected to Access Point 32
Mobile Station 47 is connected to Access Point 32



Iteration 4
	seed = 8 

Access Point 48 created at position (0;0)

Mobile Station 49 created at position (35.3918;-4.1559) with distance 35.635 m to Access Point 48
Mobile station AC: AC_BE. Access Point AC: AC_BE.
Mobile Station 50 created at position (7.15556;42.651) with distance 43.2471 m to Access Point 48
Mobile station AC: AC_BE. Access Point AC: AC_BE.
Mobile Station 51 created at position (-26.4507;-37.9526) with distance 46.2605 m to Access Point 48
Mobile station AC: AC_BE. Access Point AC: AC_BE.
Mobile Station 52 created at position (21.8761;0.319386) with distance 21.8784 m to Access Point 48
Mobile station AC: AC_BE. Access Point AC: AC_BE.
Mobile Station 53 created at position (-12.9744;-34.6116) with distance 36.9635 m to Access Point 48
Mobile station AC: AC_BE. Access Point AC: AC_BE.
Mobile Station 54 created at position (17.8637;18.4897) with distance 25.7095 m to Access Point 48
Mobile station AC: AC_BE. Access Point AC: AC_BE.
Mobile Station 55 created at position (20.3111;34.1493) with distance 39.733 m to Access Point 48
Mobile station AC: AC_BE. Access Point AC: AC_BE.
Mobile Station 56 created at position (-9.96349;-47.934) with distance 48.9585 m to Access Point 48
Mobile station AC: AC_BE. Access Point AC: AC_BE.
Mobile Station 57 created at position (7.98098;-40.0038) with distance 40.7922 m to Access Point 48
Mobile station AC: AC_BE. Access Point AC: AC_BE.
Mobile Station 58 created at position (26.948;-23.6219) with distance 35.8356 m to Access Point 48
Mobile station AC: AC_BE. Access Point AC: AC_BE.
Mobile Station 59 created at position (1.9227;37.3907) with distance 37.4401 m to Access Point 48
Mobile station AC: AC_BE. Access Point AC: AC_BE.
Mobile Station 60 created at position (18.5283;26.989) with distance 32.7368 m to Access Point 48
Mobile station AC: AC_BE. Access Point AC: AC_BE.
Mobile Station 61 created at position (2.30474;27.5757) with distance 27.6719 m to Access Point 48
Mobile station AC: AC_BE. Access Point AC: AC_BE.
Mobile Station 62 created at position (-16.5408;-42.8469) with distance 45.9288 m to Access Point 48
Mobile station AC: AC_BE. Access Point AC: AC_BE.
Mobile Station 63 created at position (-34.464;-8.76219) with distance 35.5604 m to Access Point 48
Mobile station AC: AC_BE. Access Point AC: AC_BE.

Access Point 48 is connected to Mobile Station 55, Mobile Station 56, Mobile Station 50, Mobile Station 49, Mobile Station 58, Mobile Station 54, Mobile Station 52, Mobile Station 51, Mobile Station 53, Mobile Station 62, Mobile Station 63, Mobile Station 60, Mobile Station 59, Mobile Station 57 and Mobile Station 61
Mobile Station 49 is connected to Access Point 48
Mobile Station 50 is connected to Access Point 48
Mobile Station 51 is connected to Access Point 48
Mobile Station 52 is connected to Access Point 48
Mobile Station 53 is connected to Access Point 48
Mobile Station 54 is connected to Access Point 48
Mobile Station 55 is connected to Access Point 48
Mobile Station 56 is connected to Access Point 48
Mobile Station 57 is connected to Access Point 48
Mobile Station 58 is connected to Access Point 48
Mobile Station 59 is connected to Access Point 48
Mobile Station 60 is connected to Access Point 48
Mobile Station 61 is connected to Access Point 48
Mobile Station 62 is connected to Access Point 48
Mobile Station 63 is connected to Access Point 48



Iteration 5
	seed = 9 

Access Point 64 created at position (0;0)

Mobile Station 65 created at position (-16.6577;29.4528) with distance 33.837 m to Access Point 64
Mobile station AC: AC_BE. Access Point AC: AC_BE.
Mobile Station 66 created at position (14.4474;21.6531) with distance 26.0304 m to Access Point 64
Mobile station AC: AC_BE. Access Point AC: AC_BE.
Mobile Station 67 created at position (-5.71463;-23.7569) with distance 24.4346 m to Access Point 64
Mobile station AC: AC_BE. Access Point AC: AC_BE.
Mobile Station 68 created at position (-35.4194;33.6315) with distance 48.8427 m to Access Point 64
Mobile station AC: AC_BE. Access Point AC: AC_BE.
Mobile Station 69 created at position (15.9487;-4.74913) with distance 16.6408 m to Access Point 64
Mobile station AC: AC_BE. Access Point AC: AC_BE.
Mobile Station 70 created at position (-26.5382;-37.478) with distance 45.9225 m to Access Point 64
Mobile station AC: AC_BE. Access Point AC: AC_BE.
Mobile Station 71 created at position (-8.39914;-8.15352) with distance 11.7058 m to Access Point 64
Mobile station AC: AC_BE. Access Point AC: AC_BE.
Mobile Station 72 created at position (-13.149;-13.086) with distance 18.551 m to Access Point 64
Mobile station AC: AC_BE. Access Point AC: AC_BE.
Mobile Station 73 created at position (0.717178;46.4747) with distance 46.4803 m to Access Point 64
Mobile station AC: AC_BE. Access Point AC: AC_BE.
Mobile Station 74 created at position (-16.5436;3.83262) with distance 16.9818 m to Access Point 64
Mobile station AC: AC_BE. Access Point AC: AC_BE.
Mobile Station 75 created at position (8.08206;27.9588) with distance 29.1035 m to Access Point 64
Mobile station AC: AC_BE. Access Point AC: AC_BE.
Mobile Station 76 created at position (37.0325;-18.1671) with distance 41.2486 m to Access Point 64
Mobile station AC: AC_BE. Access Point AC: AC_BE.
Mobile Station 77 created at position (-3.53111;35.349) with distance 35.525 m to Access Point 64
Mobile station AC: AC_BE. Access Point AC: AC_BE.
Mobile Station 78 created at position (40.9933;-20.9991) with distance 46.0588 m to Access Point 64
Mobile station AC: AC_BE. Access Point AC: AC_BE.
Mobile Station 79 created at position (33.9229;-35.4609) with distance 49.0738 m to Access Point 64
Mobile station AC: AC_BE. Access Point AC: AC_BE.

Access Point 64 is connected to Mobile Station 67, Mobile Station 65, Mobile Station 79, Mobile Station 70, Mobile Station 66, Mobile Station 69, Mobile Station 74, Mobile Station 68, Mobile Station 72, Mobile Station 73, Mobile Station 75, Mobile Station 76, Mobile Station 77, Mobile Station 78 and Mobile Station 71
Mobile Station 65 is connected to Access Point 64
Mobile Station 66 is connected to Access Point 64
Mobile Station 67 is connected to Access Point 64
Mobile Station 68 is connected to Access Point 64
Mobile Station 69 is connected to Access Point 64
Mobile Station 70 is connected to Access Point 64
Mobile Station 71 is connected to Access Point 64
Mobile Station 72 is connected to Access Point 64
Mobile Station 73 is connected to Access Point 64
Mobile Station 74 is connected to Access Point 64
Mobile Station 75 is connected to Access Point 64
Mobile Station 76 is connected to Access Point 64
Mobile Station 77 is connected to Access Point 64
Mobile Station 78 is connected to Access Point 64
Mobile Station 79 is connected to Access Point 64



Iteration 6
	seed = 0 

Access Point 80 created at position (0;0)

Mobile Station 81 created at position (1.90775;35.3856) with distance 35.437 m to Access Point 80
Mobile station AC: AC_BE. Access Point AC: AC_BE.
Mobile Station 82 created at position (-38.7976;2.45229) with distance 38.875 m to Access Point 80
Mobile station AC: AC_BE. Access Point AC: AC_BE.
Mobile Station 83 created at position (11.9559;-7.3074) with distance 14.0122 m to Access Point 80
Mobile station AC: AC_BE. Access Point AC: AC_BE.
Mobile Station 84 created at position (-34.086;36.0469) with distance 49.6108 m to Access Point 80
Mobile station AC: AC_BE. Access Point AC: AC_BE.
Mobile Station 85 created at position (-36.1668;-18.96) with distance 40.8352 m to Access Point 80
Mobile station AC: AC_BE. Access Point AC: AC_BE.
Mobile Station 86 created at position (9.64879;-35.6065) with distance 36.8906 m to Access Point 80
Mobile station AC: AC_BE. Access Point AC: AC_BE.
Mobile Station 87 created at position (-33.8104;27.4493) with distance 43.5501 m to Access Point 80
Mobile station AC: AC_BE. Access Point AC: AC_BE.
Mobile Station 88 created at position (11.661;-38.0103) with distance 39.7588 m to Access Point 80
Mobile station AC: AC_BE. Access Point AC: AC_BE.
Mobile Station 89 created at position (-23.2924;34.1272) with distance 41.3183 m to Access Point 80
Mobile station AC: AC_BE. Access Point AC: AC_BE.
Mobile Station 90 created at position (-19.0508;8.71947) with distance 20.9514 m to Access Point 80
Mobile station AC: AC_BE. Access Point AC: AC_BE.
Mobile Station 91 created at position (-5.06556;0.886034) with distance 5.14246 m to Access Point 80
Mobile station AC: AC_BE. Access Point AC: AC_BE.
Mobile Station 92 created at position (-1.56768;-10.1137) with distance 10.2345 m to Access Point 80
Mobile station AC: AC_BE. Access Point AC: AC_BE.
Mobile Station 93 created at position (22.9544;-18.4042) with distance 29.4214 m to Access Point 80
Mobile station AC: AC_BE. Access Point AC: AC_BE.
Mobile Station 94 created at position (-2.11234;-30.4796) with distance 30.5527 m to Access Point 80
Mobile station AC: AC_BE. Access Point AC: AC_BE.
Mobile Station 95 created at position (35.9815;-33.7518) with distance 49.3341 m to Access Point 80
Mobile station AC: AC_BE. Access Point AC: AC_BE.

Access Point 80 is connected to Mobile Station 85, Mobile Station 84, Mobile Station 82, Mobile Station 88, Mobile Station 87, Mobile Station 90, Mobile Station 92, Mobile Station 93, Mobile Station 89, Mobile Station 83, Mobile Station 94, Mobile Station 86, Mobile Station 91, Mobile Station 95 and Mobile Station 81
Mobile Station 81 is connected to Access Point 80
Mobile Station 82 is connected to Access Point 80
Mobile Station 83 is connected to Access Point 80
Mobile Station 84 is connected to Access Point 80
Mobile Station 85 is connected to Access Point 80
Mobile Station 86 is connected to Access Point 80
Mobile Station 87 is connected to Access Point 80
Mobile Station 88 is connected to Access Point 80
Mobile Station 89 is connected to Access Point 80
Mobile Station 90 is connected to Access Point 80
Mobile Station 91 is connected to Access Point 80
Mobile Station 92 is connected to Access Point 80
Mobile Station 93 is connected to Access Point 80
Mobile Station 94 is connected to Access Point 80
Mobile Station 95 is connected to Access Point 80

